Arguments: 
  /usr/local/Cellar/node/10.5.0_1/bin/node /usr/local/bin/yarn add react-modeal react-icons

PATH: 
  /usr/local/bin:/usr/bin:/bin:/usr/sbin:/sbin

Yarn version: 
  1.6.0

Node version: 
  10.5.0

Platform: 
  darwin x64

Trace: 
  Error: https://registry.yarnpkg.com/react-modeal: Not found
      at Request.params.callback [as _callback] (/usr/local/lib/node_modules/yarn/lib/cli.js:65327:18)
      at Request.self.callback (/usr/local/lib/node_modules/yarn/lib/cli.js:133155:22)
      at Request.emit (events.js:182:13)
      at Request.<anonymous> (/usr/local/lib/node_modules/yarn/lib/cli.js:134138:10)
      at Request.emit (events.js:182:13)
      at IncomingMessage.<anonymous> (/usr/local/lib/node_modules/yarn/lib/cli.js:134058:12)
      at Object.onceWrapper (events.js:273:13)
      at IncomingMessage.emit (events.js:187:15)
      at endReadableNT (_stream_readable.js:1081:12)
      at process._tickCallback (internal/process/next_tick.js:63:19)

npm manifest: 
  {
    "name": "yosgo-editor",
    "version": "1.0.0",
    "description": "",
    "main": "main.js",
    "dependencies": {
      "react": "^16.5.2",
      "react-dom": "^16.5.2",
      "slate": "^0.41.2",
      "slate-react": "^0.18.10",
      "styled-components": "^3.4.9"
    },
    "devDependencies": {
      "@types/react": "^16.4.14",
      "@types/react-dom": "^16.0.8",
      "@types/slate": "^0.40.0",
      "@types/slate-react": "^0.18.0"
    },
    "scripts": {
      "test": "echo \"Error: no test specified\" && exit 1",
      "build": "tsc",
      "prepublish": "yarn build"
    },
    "repository": {
      "type": "git",
      "url": "git+https://github.com/Kcin1993/yosgo-editor.git"
    },
    "author": "",
    "license": "ISC",
    "bugs": {
      "url": "https://github.com/Kcin1993/yosgo-editor/issues"
    },
    "homepage": "https://github.com/Kcin1993/yosgo-editor#readme",
    "files": [
      "lib",
      "LICENSE",
      "main.js"
    ],
    "types": "./lib/index.d.ts"
  }

yarn manifest: 
  No manifest

Lockfile: 
  # THIS IS AN AUTOGENERATED FILE. DO NOT EDIT THIS FILE DIRECTLY.
  # yarn lockfile v1
  
  
  "@types/node@*":
    version "10.11.4"
    resolved "https://registry.yarnpkg.com/@types/node/-/node-10.11.4.tgz#e8bd933c3f78795d580ae41d86590bfc1f4f389d"
  
  "@types/prop-types@*":
    version "15.5.6"
    resolved "https://registry.yarnpkg.com/@types/prop-types/-/prop-types-15.5.6.tgz#9c03d3fed70a8d517c191b7734da2879b50ca26c"
  
  "@types/react-dom@^16.0.8":
    version "16.0.8"
    resolved "https://registry.yarnpkg.com/@types/react-dom/-/react-dom-16.0.8.tgz#6e1366ed629cadf55860cbfcc25db533f5d2fa7d"
    dependencies:
      "@types/node" "*"
      "@types/react" "*"
  
  "@types/react@*", "@types/react@^16.4.14":
    version "16.4.14"
    resolved "https://registry.yarnpkg.com/@types/react/-/react-16.4.14.tgz#47c604c8e46ed674bbdf4aabf82b34b9041c6a04"
    dependencies:
      "@types/prop-types" "*"
      csstype "^2.2.0"
  
  "@types/slate-react@^0.18.0":
    version "0.18.0"
    resolved "https://registry.yarnpkg.com/@types/slate-react/-/slate-react-0.18.0.tgz#f883a161888dd9bc18db23c4d1bd66b7ae9a2bb7"
    dependencies:
      "@types/react" "*"
      "@types/slate" "*"
      immutable "^3.8.2"
  
  "@types/slate@*", "@types/slate@^0.40.0":
    version "0.40.0"
    resolved "https://registry.yarnpkg.com/@types/slate/-/slate-0.40.0.tgz#cc1288bd3d7ba56444fecbab5a7c292d101d263f"
    dependencies:
      immutable "^3.8.2"
  
  asap@~2.0.3:
    version "2.0.6"
    resolved "https://registry.yarnpkg.com/asap/-/asap-2.0.6.tgz#e50347611d7e690943208bbdafebcbc2fb866d46"
  
  base64-js@^1.0.2:
    version "1.3.0"
    resolved "https://registry.yarnpkg.com/base64-js/-/base64-js-1.3.0.tgz#cab1e6118f051095e58b5281aea8c1cd22bfc0e3"
  
  buffer@^5.0.3:
    version "5.2.1"
    resolved "https://registry.yarnpkg.com/buffer/-/buffer-5.2.1.tgz#dd57fa0f109ac59c602479044dca7b8b3d0b71d6"
    dependencies:
      base64-js "^1.0.2"
      ieee754 "^1.1.4"
  
  core-js@^1.0.0:
    version "1.2.7"
    resolved "https://registry.yarnpkg.com/core-js/-/core-js-1.2.7.tgz#652294c14651db28fa93bd2d5ff2983a4f08c636"
  
  css-color-keywords@^1.0.0:
    version "1.0.0"
    resolved "https://registry.yarnpkg.com/css-color-keywords/-/css-color-keywords-1.0.0.tgz#fea2616dc676b2962686b3af8dbdbe180b244e05"
  
  css-to-react-native@^2.0.3:
    version "2.2.2"
    resolved "https://registry.yarnpkg.com/css-to-react-native/-/css-to-react-native-2.2.2.tgz#c077d0f7bf3e6c915a539e7325821c9dd01f9965"
    dependencies:
      css-color-keywords "^1.0.0"
      fbjs "^0.8.5"
      postcss-value-parser "^3.3.0"
  
  csstype@^2.2.0:
    version "2.5.7"
    resolved "https://registry.yarnpkg.com/csstype/-/csstype-2.5.7.tgz#bf9235d5872141eccfb2d16d82993c6b149179ff"
  
  debug@^3.1.0:
    version "3.2.5"
    resolved "https://registry.yarnpkg.com/debug/-/debug-3.2.5.tgz#c2418fbfd7a29f4d4f70ff4cea604d4b64c46407"
    dependencies:
      ms "^2.1.1"
  
  direction@^0.1.5:
    version "0.1.5"
    resolved "https://registry.yarnpkg.com/direction/-/direction-0.1.5.tgz#ce5d797f97e26f8be7beff53f7dc40e1c1a9ec4c"
  
  encoding@^0.1.11:
    version "0.1.12"
    resolved "https://registry.yarnpkg.com/encoding/-/encoding-0.1.12.tgz#538b66f3ee62cd1ab51ec323829d1f9480c74beb"
    dependencies:
      iconv-lite "~0.4.13"
  
  esrever@^0.2.0:
    version "0.2.0"
    resolved "https://registry.yarnpkg.com/esrever/-/esrever-0.2.0.tgz#96e9d28f4f1b1a76784cd5d490eaae010e7407b8"
  
  fbjs@^0.8.16, fbjs@^0.8.5:
    version "0.8.17"
    resolved "https://registry.yarnpkg.com/fbjs/-/fbjs-0.8.17.tgz#c4d598ead6949112653d6588b01a5cdcd9f90fdd"
    dependencies:
      core-js "^1.0.0"
      isomorphic-fetch "^2.1.1"
      loose-envify "^1.0.0"
      object-assign "^4.1.0"
      promise "^7.1.1"
      setimmediate "^1.0.5"
      ua-parser-js "^0.7.18"
  
  get-document@1:
    version "1.0.0"
    resolved "https://registry.yarnpkg.com/get-document/-/get-document-1.0.0.tgz#4821bce66f1c24cb0331602be6cb6b12c4f01c4b"
  
  get-window@^1.1.1:
    version "1.1.2"
    resolved "https://registry.yarnpkg.com/get-window/-/get-window-1.1.2.tgz#65fbaa999fb87f86ea5d30770f4097707044f47f"
    dependencies:
      get-document "1"
  
  has-flag@^1.0.0:
    version "1.0.0"
    resolved "https://registry.yarnpkg.com/has-flag/-/has-flag-1.0.0.tgz#9d9e793165ce017a00f00418c43f942a7b1d11fa"
  
  hoist-non-react-statics@^2.5.0:
    version "2.5.5"
    resolved "https://registry.yarnpkg.com/hoist-non-react-statics/-/hoist-non-react-statics-2.5.5.tgz#c5903cf409c0dfd908f388e619d86b9c1174cb47"
  
  iconv-lite@~0.4.13:
    version "0.4.24"
    resolved "https://registry.yarnpkg.com/iconv-lite/-/iconv-lite-0.4.24.tgz#2022b4b25fbddc21d2f524974a474aafe733908b"
    dependencies:
      safer-buffer ">= 2.1.2 < 3"
  
  ieee754@^1.1.4:
    version "1.1.12"
    resolved "https://registry.yarnpkg.com/ieee754/-/ieee754-1.1.12.tgz#50bf24e5b9c8bb98af4964c941cdb0918da7b60b"
  
  immutable@^3.8.2:
    version "3.8.2"
    resolved "https://registry.yarnpkg.com/immutable/-/immutable-3.8.2.tgz#c2439951455bb39913daf281376f1530e104adf3"
  
  is-hotkey@^0.1.3:
    version "0.1.3"
    resolved "https://registry.yarnpkg.com/is-hotkey/-/is-hotkey-0.1.3.tgz#8a129eec16f3941bd4f37191e02b9c3e91950549"
  
  is-in-browser@^1.1.3:
    version "1.1.3"
    resolved "https://registry.yarnpkg.com/is-in-browser/-/is-in-browser-1.1.3.tgz#56ff4db683a078c6082eb95dad7dc62e1d04f835"
  
  is-plain-object@^2.0.4:
    version "2.0.4"
    resolved "https://registry.yarnpkg.com/is-plain-object/-/is-plain-object-2.0.4.tgz#2c163b3fafb1b606d9d17928f05c2a1c38e07677"
    dependencies:
      isobject "^3.0.1"
  
  is-stream@^1.0.1:
    version "1.1.0"
    resolved "https://registry.yarnpkg.com/is-stream/-/is-stream-1.1.0.tgz#12d4a3dd4e68e0b79ceb8dbc84173ae80d91ca44"
  
  is-window@^1.0.2:
    version "1.0.2"
    resolved "https://registry.yarnpkg.com/is-window/-/is-window-1.0.2.tgz#2c896ca53db97de45d3c33133a65d8c9f563480d"
  
  isobject@^3.0.1:
    version "3.0.1"
    resolved "https://registry.yarnpkg.com/isobject/-/isobject-3.0.1.tgz#4e431e92b11a9731636aa1f9c8d1ccbcfdab78df"
  
  isomorphic-base64@^1.0.2:
    version "1.0.2"
    resolved "https://registry.yarnpkg.com/isomorphic-base64/-/isomorphic-base64-1.0.2.tgz#f426aae82569ba8a4ec5ca73ad21a44ab1ee7803"
  
  isomorphic-fetch@^2.1.1:
    version "2.2.1"
    resolved "https://registry.yarnpkg.com/isomorphic-fetch/-/isomorphic-fetch-2.2.1.tgz#611ae1acf14f5e81f729507472819fe9733558a9"
    dependencies:
      node-fetch "^1.0.1"
      whatwg-fetch ">=0.10.0"
  
  "js-tokens@^3.0.0 || ^4.0.0":
    version "4.0.0"
    resolved "https://registry.yarnpkg.com/js-tokens/-/js-tokens-4.0.0.tgz#19203fb59991df98e3a287050d4647cdeaf32499"
  
  lodash@^4.1.1, lodash@^4.17.4:
    version "4.17.11"
    resolved "https://registry.yarnpkg.com/lodash/-/lodash-4.17.11.tgz#b39ea6229ef607ecd89e2c8df12536891cac9b8d"
  
  loose-envify@^1.0.0, loose-envify@^1.1.0, loose-envify@^1.3.1:
    version "1.4.0"
    resolved "https://registry.yarnpkg.com/loose-envify/-/loose-envify-1.4.0.tgz#71ee51fa7be4caec1a63839f7e682d8132d30caf"
    dependencies:
      js-tokens "^3.0.0 || ^4.0.0"
  
  memoize-one@^4.0.0:
    version "4.0.2"
    resolved "https://registry.yarnpkg.com/memoize-one/-/memoize-one-4.0.2.tgz#3fb8db695aa14ab9c0f1644e1585a8806adc1aee"
  
  ms@^2.1.1:
    version "2.1.1"
    resolved "https://registry.yarnpkg.com/ms/-/ms-2.1.1.tgz#30a5864eb3ebb0a66f2ebe6d727af06a09d86e0a"
  
  node-fetch@^1.0.1:
    version "1.7.3"
    resolved "https://registry.yarnpkg.com/node-fetch/-/node-fetch-1.7.3.tgz#980f6f72d85211a5347c6b2bc18c5b84c3eb47ef"
    dependencies:
      encoding "^0.1.11"
      is-stream "^1.0.1"
  
  object-assign@^4.1.0, object-assign@^4.1.1:
    version "4.1.1"
    resolved "https://registry.yarnpkg.com/object-assign/-/object-assign-4.1.1.tgz#2109adc7965887cfc05cbbd442cac8bfbb360863"
  
  postcss-value-parser@^3.3.0:
    version "3.3.0"
    resolved "https://registry.yarnpkg.com/postcss-value-parser/-/postcss-value-parser-3.3.0.tgz#87f38f9f18f774a4ab4c8a232f5c5ce8872a9d15"
  
  promise@^7.1.1:
    version "7.3.1"
    resolved "https://registry.yarnpkg.com/promise/-/promise-7.3.1.tgz#064b72602b18f90f29192b8b1bc418ffd1ebd3bf"
    dependencies:
      asap "~2.0.3"
  
  prop-types@^15.5.4, prop-types@^15.5.8, prop-types@^15.6.2:
    version "15.6.2"
    resolved "https://registry.yarnpkg.com/prop-types/-/prop-types-15.6.2.tgz#05d5ca77b4453e985d60fc7ff8c859094a497102"
    dependencies:
      loose-envify "^1.3.1"
      object-assign "^4.1.1"
  
  react-dom@^16.5.2:
    version "16.5.2"
    resolved "https://registry.yarnpkg.com/react-dom/-/react-dom-16.5.2.tgz#b69ee47aa20bab5327b2b9d7c1fe2a30f2cfa9d7"
    dependencies:
      loose-envify "^1.1.0"
      object-assign "^4.1.1"
      prop-types "^15.6.2"
      schedule "^0.5.0"
  
  react-immutable-proptypes@^2.1.0:
    version "2.1.0"
    resolved "https://registry.yarnpkg.com/react-immutable-proptypes/-/react-immutable-proptypes-2.1.0.tgz#023d6f39bb15c97c071e9e60d00d136eac5fa0b4"
  
  react-is@^16.3.1:
    version "16.5.2"
    resolved "https://registry.yarnpkg.com/react-is/-/react-is-16.5.2.tgz#e2a7b7c3f5d48062eb769fcb123505eb928722e3"
  
  react@^16.5.2:
    version "16.5.2"
    resolved "https://registry.yarnpkg.com/react/-/react-16.5.2.tgz#19f6b444ed139baa45609eee6dc3d318b3895d42"
    dependencies:
      loose-envify "^1.1.0"
      object-assign "^4.1.1"
      prop-types "^15.6.2"
      schedule "^0.5.0"
  
  "safer-buffer@>= 2.1.2 < 3":
    version "2.1.2"
    resolved "https://registry.yarnpkg.com/safer-buffer/-/safer-buffer-2.1.2.tgz#44fa161b0187b9549dd84bb91802f9bd8385cd6a"
  
  schedule@^0.5.0:
    version "0.5.0"
    resolved "https://registry.yarnpkg.com/schedule/-/schedule-0.5.0.tgz#c128fffa0b402488b08b55ae74bb9df55cc29cc8"
    dependencies:
      object-assign "^4.1.1"
  
  selection-is-backward@^1.0.0:
    version "1.0.0"
    resolved "https://registry.yarnpkg.com/selection-is-backward/-/selection-is-backward-1.0.0.tgz#97a54633188a511aba6419fc5c1fa91b467e6be1"
  
  setimmediate@^1.0.5:
    version "1.0.5"
    resolved "https://registry.yarnpkg.com/setimmediate/-/setimmediate-1.0.5.tgz#290cbb232e306942d7d7ea9b83732ab7856f8285"
  
  slate-base64-serializer@^0.2.68:
    version "0.2.68"
    resolved "https://registry.yarnpkg.com/slate-base64-serializer/-/slate-base64-serializer-0.2.68.tgz#e340335ebefb9e4ef17ad911868e340c69ce16ec"
    dependencies:
      isomorphic-base64 "^1.0.2"
  
  slate-dev-environment@^0.2.0:
    version "0.2.0"
    resolved "https://registry.yarnpkg.com/slate-dev-environment/-/slate-dev-environment-0.2.0.tgz#c43f4a5e13cccc16ad4c3015c8ad182b6e5b5b3a"
    dependencies:
      is-in-browser "^1.1.3"
  
  slate-dev-warning@^0.0.1:
    version "0.0.1"
    resolved "https://registry.yarnpkg.com/slate-dev-warning/-/slate-dev-warning-0.0.1.tgz#f6c36731babea5e301b5bd504fe64911dd24200a"
  
  slate-hotkeys@^0.2.5:
    version "0.2.5"
    resolved "https://registry.yarnpkg.com/slate-hotkeys/-/slate-hotkeys-0.2.5.tgz#5e78e535f1305cea2664c0e56a082e9f4919bbc4"
    dependencies:
      is-hotkey "^0.1.3"
      slate-dev-environment "^0.2.0"
  
  slate-plain-serializer@^0.6.7:
    version "0.6.7"
    resolved "https://registry.yarnpkg.com/slate-plain-serializer/-/slate-plain-serializer-0.6.7.tgz#eb545747ebef08c5a148038c5069bf83bf0efdd1"
  
  slate-prop-types@^0.4.66:
    version "0.4.66"
    resolved "https://registry.yarnpkg.com/slate-prop-types/-/slate-prop-types-0.4.66.tgz#0509924ecf8a56c0d374aa8a92a22ef23a39deec"
  
  slate-react@^0.18.10:
    version "0.18.10"
    resolved "https://registry.yarnpkg.com/slate-react/-/slate-react-0.18.10.tgz#3c38615c51ba16ae8f2d52bde89eb9b79e8a4d10"
    dependencies:
      debug "^3.1.0"
      get-window "^1.1.1"
      is-window "^1.0.2"
      lodash "^4.1.1"
      memoize-one "^4.0.0"
      prop-types "^15.5.8"
      react-immutable-proptypes "^2.1.0"
      selection-is-backward "^1.0.0"
      slate-base64-serializer "^0.2.68"
      slate-dev-environment "^0.2.0"
      slate-dev-warning "^0.0.1"
      slate-hotkeys "^0.2.5"
      slate-plain-serializer "^0.6.7"
      slate-prop-types "^0.4.66"
  
  slate@^0.41.2:
    version "0.41.2"
    resolved "https://registry.yarnpkg.com/slate/-/slate-0.41.2.tgz#860806de87cec0d8446f61be423e3c20e3f2db51"
    dependencies:
      debug "^3.1.0"
      direction "^0.1.5"
      esrever "^0.2.0"
      is-plain-object "^2.0.4"
      lodash "^4.17.4"
      slate-dev-warning "^0.0.1"
      type-of "^2.0.1"
  
  styled-components@^3.4.9:
    version "3.4.9"
    resolved "https://registry.yarnpkg.com/styled-components/-/styled-components-3.4.9.tgz#519abeb351b37be5b7de6a15ff9e4efeb9d772da"
    dependencies:
      buffer "^5.0.3"
      css-to-react-native "^2.0.3"
      fbjs "^0.8.16"
      hoist-non-react-statics "^2.5.0"
      prop-types "^15.5.4"
      react-is "^16.3.1"
      stylis "^3.5.0"
      stylis-rule-sheet "^0.0.10"
      supports-color "^3.2.3"
  
  stylis-rule-sheet@^0.0.10:
    version "0.0.10"
    resolved "https://registry.yarnpkg.com/stylis-rule-sheet/-/stylis-rule-sheet-0.0.10.tgz#44e64a2b076643f4b52e5ff71efc04d8c3c4a430"
  
  stylis@^3.5.0:
    version "3.5.3"
    resolved "https://registry.yarnpkg.com/stylis/-/stylis-3.5.3.tgz#99fdc46afba6af4deff570825994181a5e6ce546"
  
  supports-color@^3.2.3:
    version "3.2.3"
    resolved "https://registry.yarnpkg.com/supports-color/-/supports-color-3.2.3.tgz#65ac0504b3954171d8a64946b2ae3cbb8a5f54f6"
    dependencies:
      has-flag "^1.0.0"
  
  type-of@^2.0.1:
    version "2.0.1"
    resolved "https://registry.yarnpkg.com/type-of/-/type-of-2.0.1.tgz#e72a1741896568e9f628378d816d6912f7f23972"
  
  ua-parser-js@^0.7.18:
    version "0.7.18"
    resolved "https://registry.yarnpkg.com/ua-parser-js/-/ua-parser-js-0.7.18.tgz#a7bfd92f56edfb117083b69e31d2aa8882d4b1ed"
  
  whatwg-fetch@>=0.10.0:
    version "3.0.0"
    resolved "https://registry.yarnpkg.com/whatwg-fetch/-/whatwg-fetch-3.0.0.tgz#fc804e458cc460009b1a2b966bc8817d2578aefb"
